{"/Users/glebbauer/stellar-burgers/src/services/slices/constructorSlice.ts": {"path":"/Users/glebbauer/stellar-burgers/src/services/slices/constructorSlice.ts","all":false,"statementMap":{"0":{"start":{"line":1,"column":0},"end":{"line":1,"column":62}},"1":{"start":{"line":2,"column":0},"end":{"line":2,"column":67}},"2":{"start":{"line":3,"column":0},"end":{"line":3,"column":0}},"3":{"start":{"line":4,"column":0},"end":{"line":4,"column":26}},"4":{"start":{"line":5,"column":0},"end":{"line":5,"column":26}},"5":{"start":{"line":6,"column":0},"end":{"line":6,"column":40}},"6":{"start":{"line":7,"column":0},"end":{"line":7,"column":2}},"7":{"start":{"line":8,"column":0},"end":{"line":8,"column":0}},"8":{"start":{"line":9,"column":0},"end":{"line":9,"column":41}},"9":{"start":{"line":10,"column":0},"end":{"line":10,"column":12}},"10":{"start":{"line":11,"column":0},"end":{"line":11,"column":17}},"11":{"start":{"line":12,"column":0},"end":{"line":12,"column":2}},"12":{"start":{"line":13,"column":0},"end":{"line":13,"column":0}},"13":{"start":{"line":14,"column":0},"end":{"line":14,"column":39}},"14":{"start":{"line":15,"column":0},"end":{"line":15,"column":28}},"15":{"start":{"line":16,"column":0},"end":{"line":16,"column":15}},"16":{"start":{"line":17,"column":0},"end":{"line":17,"column":13}},"17":{"start":{"line":18,"column":0},"end":{"line":18,"column":20}},"18":{"start":{"line":19,"column":0},"end":{"line":19,"column":46}},"19":{"start":{"line":20,"column":0},"end":{"line":20,"column":18}},"20":{"start":{"line":21,"column":0},"end":{"line":21,"column":24}},"21":{"start":{"line":22,"column":0},"end":{"line":22,"column":33}},"22":{"start":{"line":23,"column":0},"end":{"line":23,"column":9}},"23":{"start":{"line":24,"column":0},"end":{"line":24,"column":9}},"24":{"start":{"line":25,"column":0},"end":{"line":25,"column":74}},"25":{"start":{"line":26,"column":0},"end":{"line":26,"column":36}},"26":{"start":{"line":27,"column":0},"end":{"line":27,"column":34}},"27":{"start":{"line":28,"column":0},"end":{"line":28,"column":27}},"28":{"start":{"line":29,"column":0},"end":{"line":29,"column":16}},"29":{"start":{"line":30,"column":0},"end":{"line":30,"column":39}},"30":{"start":{"line":31,"column":0},"end":{"line":31,"column":9}},"31":{"start":{"line":32,"column":0},"end":{"line":32,"column":7}},"32":{"start":{"line":33,"column":0},"end":{"line":33,"column":6}},"33":{"start":{"line":34,"column":0},"end":{"line":34,"column":65}},"34":{"start":{"line":35,"column":0},"end":{"line":35,"column":50}},"35":{"start":{"line":36,"column":0},"end":{"line":36,"column":6}},"36":{"start":{"line":37,"column":0},"end":{"line":37,"column":65}},"37":{"start":{"line":38,"column":0},"end":{"line":38,"column":31}},"38":{"start":{"line":39,"column":0},"end":{"line":39,"column":25}},"39":{"start":{"line":40,"column":0},"end":{"line":40,"column":44}},"40":{"start":{"line":41,"column":0},"end":{"line":41,"column":54}},"41":{"start":{"line":42,"column":0},"end":{"line":42,"column":34}},"42":{"start":{"line":43,"column":0},"end":{"line":43,"column":6}},"43":{"start":{"line":44,"column":0},"end":{"line":44,"column":67}},"44":{"start":{"line":45,"column":0},"end":{"line":45,"column":31}},"45":{"start":{"line":46,"column":0},"end":{"line":46,"column":52}},"46":{"start":{"line":47,"column":0},"end":{"line":47,"column":44}},"47":{"start":{"line":48,"column":0},"end":{"line":48,"column":54}},"48":{"start":{"line":49,"column":0},"end":{"line":49,"column":34}},"49":{"start":{"line":50,"column":0},"end":{"line":50,"column":6}},"50":{"start":{"line":51,"column":0},"end":{"line":51,"column":34}},"51":{"start":{"line":52,"column":0},"end":{"line":52,"column":23}},"52":{"start":{"line":53,"column":0},"end":{"line":53,"column":29}},"53":{"start":{"line":54,"column":0},"end":{"line":54,"column":5}},"54":{"start":{"line":55,"column":0},"end":{"line":55,"column":3}},"55":{"start":{"line":56,"column":0},"end":{"line":56,"column":3}},"56":{"start":{"line":57,"column":0},"end":{"line":57,"column":0}},"57":{"start":{"line":58,"column":0},"end":{"line":58,"column":14}},"58":{"start":{"line":59,"column":0},"end":{"line":59,"column":16}},"59":{"start":{"line":60,"column":0},"end":{"line":60,"column":19}},"60":{"start":{"line":61,"column":0},"end":{"line":61,"column":19}},"61":{"start":{"line":62,"column":0},"end":{"line":62,"column":21}},"62":{"start":{"line":63,"column":0},"end":{"line":63,"column":18}},"63":{"start":{"line":64,"column":0},"end":{"line":64,"column":30}},"64":{"start":{"line":65,"column":0},"end":{"line":65,"column":0}},"65":{"start":{"line":66,"column":0},"end":{"line":66,"column":41}}},"s":{"0":1,"1":1,"2":1,"3":1,"4":1,"5":1,"6":1,"7":1,"8":1,"9":1,"10":1,"11":1,"12":1,"13":1,"14":1,"15":1,"16":1,"17":1,"18":1,"19":1,"20":1,"21":1,"22":1,"23":1,"24":1,"25":4,"26":4,"27":2,"28":2,"29":2,"30":2,"31":4,"32":1,"33":1,"34":2,"35":1,"36":1,"37":2,"38":2,"39":1,"40":1,"41":1,"42":1,"43":1,"44":2,"45":2,"46":1,"47":1,"48":1,"49":1,"50":1,"51":1,"52":1,"53":1,"54":1,"55":1,"56":1,"57":1,"58":1,"59":1,"60":1,"61":1,"62":1,"63":1,"64":1,"65":1},"branchMap":{"0":{"type":"branch","line":19,"loc":{"start":{"line":19,"column":15},"end":{"line":19,"column":45}},"locations":[{"start":{"line":19,"column":15},"end":{"line":19,"column":45}}]},"1":{"type":"branch","line":25,"loc":{"start":{"line":25,"column":15},"end":{"line":32,"column":7}},"locations":[{"start":{"line":25,"column":15},"end":{"line":32,"column":7}}]},"2":{"type":"branch","line":27,"loc":{"start":{"line":27,"column":33},"end":{"line":31,"column":9}},"locations":[{"start":{"line":27,"column":33},"end":{"line":31,"column":9}}]},"3":{"type":"branch","line":34,"loc":{"start":{"line":34,"column":22},"end":{"line":36,"column":5}},"locations":[{"start":{"line":34,"column":22},"end":{"line":36,"column":5}}]},"4":{"type":"branch","line":37,"loc":{"start":{"line":37,"column":22},"end":{"line":43,"column":5}},"locations":[{"start":{"line":37,"column":22},"end":{"line":43,"column":5}}]},"5":{"type":"branch","line":39,"loc":{"start":{"line":39,"column":18},"end":{"line":43,"column":5}},"locations":[{"start":{"line":39,"column":18},"end":{"line":43,"column":5}}]},"6":{"type":"branch","line":44,"loc":{"start":{"line":44,"column":24},"end":{"line":50,"column":5}},"locations":[{"start":{"line":44,"column":24},"end":{"line":50,"column":5}}]},"7":{"type":"branch","line":46,"loc":{"start":{"line":46,"column":45},"end":{"line":50,"column":5}},"locations":[{"start":{"line":46,"column":45},"end":{"line":50,"column":5}}]},"8":{"type":"branch","line":51,"loc":{"start":{"line":51,"column":22},"end":{"line":54,"column":5}},"locations":[{"start":{"line":51,"column":22},"end":{"line":54,"column":5}}]}},"b":{"0":[4],"1":[4],"2":[2],"3":[2],"4":[2],"5":[1],"6":[2],"7":[1],"8":[1]},"fnMap":{"0":{"name":"prepare","decl":{"start":{"line":19,"column":15},"end":{"line":19,"column":45}},"loc":{"start":{"line":19,"column":15},"end":{"line":19,"column":45}},"line":19},"1":{"name":"reducer","decl":{"start":{"line":25,"column":15},"end":{"line":32,"column":7}},"loc":{"start":{"line":25,"column":15},"end":{"line":32,"column":7}},"line":25},"2":{"name":"removeIngredient","decl":{"start":{"line":34,"column":22},"end":{"line":36,"column":5}},"loc":{"start":{"line":34,"column":22},"end":{"line":36,"column":5}},"line":34},"3":{"name":"moveIngredientUp","decl":{"start":{"line":37,"column":22},"end":{"line":43,"column":5}},"loc":{"start":{"line":37,"column":22},"end":{"line":43,"column":5}},"line":37},"4":{"name":"moveIngredientDown","decl":{"start":{"line":44,"column":24},"end":{"line":50,"column":5}},"loc":{"start":{"line":44,"column":24},"end":{"line":50,"column":5}},"line":44},"5":{"name":"clearConstructor","decl":{"start":{"line":51,"column":22},"end":{"line":54,"column":5}},"loc":{"start":{"line":51,"column":22},"end":{"line":54,"column":5}},"line":51}},"f":{"0":4,"1":4,"2":2,"3":2,"4":2,"5":1}}
,"/Users/glebbauer/stellar-burgers/src/services/slices/ingridientSlice.ts": {"path":"/Users/glebbauer/stellar-burgers/src/services/slices/ingridientSlice.ts","all":false,"statementMap":{"0":{"start":{"line":1,"column":0},"end":{"line":1,"column":65}},"1":{"start":{"line":2,"column":0},"end":{"line":2,"column":41}},"2":{"start":{"line":3,"column":0},"end":{"line":3,"column":43}},"3":{"start":{"line":4,"column":0},"end":{"line":4,"column":0}},"4":{"start":{"line":5,"column":0},"end":{"line":5,"column":26}},"5":{"start":{"line":6,"column":0},"end":{"line":6,"column":22}},"6":{"start":{"line":7,"column":0},"end":{"line":7,"column":19}},"7":{"start":{"line":8,"column":0},"end":{"line":8,"column":23}},"8":{"start":{"line":9,"column":0},"end":{"line":9,"column":2}},"9":{"start":{"line":10,"column":0},"end":{"line":10,"column":0}},"10":{"start":{"line":11,"column":0},"end":{"line":11,"column":48}},"11":{"start":{"line":12,"column":0},"end":{"line":12,"column":11}},"12":{"start":{"line":13,"column":0},"end":{"line":13,"column":17}},"13":{"start":{"line":14,"column":0},"end":{"line":14,"column":13}},"14":{"start":{"line":15,"column":0},"end":{"line":15,"column":2}},"15":{"start":{"line":16,"column":0},"end":{"line":16,"column":0}},"16":{"start":{"line":17,"column":0},"end":{"line":17,"column":49}},"17":{"start":{"line":18,"column":0},"end":{"line":18,"column":16}},"18":{"start":{"line":19,"column":0},"end":{"line":19,"column":7}},"19":{"start":{"line":20,"column":0},"end":{"line":20,"column":25}},"20":{"start":{"line":21,"column":0},"end":{"line":21,"column":61}},"21":{"start":{"line":22,"column":0},"end":{"line":22,"column":7}},"22":{"start":{"line":23,"column":0},"end":{"line":23,"column":37}},"23":{"start":{"line":24,"column":0},"end":{"line":24,"column":28}},"24":{"start":{"line":25,"column":0},"end":{"line":25,"column":70}},"25":{"start":{"line":26,"column":0},"end":{"line":26,"column":44}},"26":{"start":{"line":27,"column":0},"end":{"line":27,"column":3}},"27":{"start":{"line":28,"column":0},"end":{"line":28,"column":3}},"28":{"start":{"line":29,"column":0},"end":{"line":29,"column":0}},"29":{"start":{"line":30,"column":0},"end":{"line":30,"column":38}},"30":{"start":{"line":31,"column":0},"end":{"line":31,"column":22}},"31":{"start":{"line":32,"column":0},"end":{"line":32,"column":15}},"32":{"start":{"line":33,"column":0},"end":{"line":33,"column":15}},"33":{"start":{"line":34,"column":0},"end":{"line":34,"column":31}},"34":{"start":{"line":35,"column":0},"end":{"line":35,"column":11}},"35":{"start":{"line":36,"column":0},"end":{"line":36,"column":53}},"36":{"start":{"line":37,"column":0},"end":{"line":37,"column":29}},"37":{"start":{"line":38,"column":0},"end":{"line":38,"column":27}},"38":{"start":{"line":39,"column":0},"end":{"line":39,"column":8}},"39":{"start":{"line":40,"column":0},"end":{"line":40,"column":63}},"40":{"start":{"line":41,"column":0},"end":{"line":41,"column":30}},"41":{"start":{"line":42,"column":0},"end":{"line":42,"column":36}},"42":{"start":{"line":43,"column":0},"end":{"line":43,"column":8}},"43":{"start":{"line":44,"column":0},"end":{"line":44,"column":62}},"44":{"start":{"line":45,"column":0},"end":{"line":45,"column":30}},"45":{"start":{"line":46,"column":0},"end":{"line":46,"column":71}},"46":{"start":{"line":47,"column":0},"end":{"line":47,"column":9}},"47":{"start":{"line":48,"column":0},"end":{"line":48,"column":3}},"48":{"start":{"line":49,"column":0},"end":{"line":49,"column":3}},"49":{"start":{"line":50,"column":0},"end":{"line":50,"column":0}},"50":{"start":{"line":51,"column":0},"end":{"line":51,"column":40}}},"s":{"0":1,"1":1,"2":1,"3":1,"4":1,"5":1,"6":1,"7":1,"8":1,"9":1,"10":1,"11":1,"12":1,"13":1,"14":1,"15":1,"16":1,"17":1,"18":1,"19":1,"20":1,"21":0,"22":0,"23":0,"24":0,"25":0,"26":0,"27":1,"28":1,"29":1,"30":1,"31":1,"32":1,"33":1,"34":1,"35":1,"36":1,"37":1,"38":1,"39":1,"40":1,"41":1,"42":1,"43":1,"44":2,"45":2,"46":1,"47":1,"48":1,"49":1,"50":1},"branchMap":{"0":{"type":"branch","line":34,"loc":{"start":{"line":34,"column":17},"end":{"line":48,"column":3}},"locations":[{"start":{"line":34,"column":17},"end":{"line":48,"column":3}}]},"1":{"type":"branch","line":36,"loc":{"start":{"line":36,"column":41},"end":{"line":39,"column":7}},"locations":[{"start":{"line":36,"column":41},"end":{"line":39,"column":7}}]},"2":{"type":"branch","line":40,"loc":{"start":{"line":40,"column":43},"end":{"line":43,"column":7}},"locations":[{"start":{"line":40,"column":43},"end":{"line":43,"column":7}}]},"3":{"type":"branch","line":44,"loc":{"start":{"line":44,"column":42},"end":{"line":47,"column":7}},"locations":[{"start":{"line":44,"column":42},"end":{"line":47,"column":7}}]},"4":{"type":"branch","line":46,"loc":{"start":{"line":46,"column":36},"end":{"line":46,"column":40}},"locations":[{"start":{"line":46,"column":36},"end":{"line":46,"column":40}}]},"5":{"type":"branch","line":46,"loc":{"start":{"line":46,"column":36},"end":{"line":46,"column":70}},"locations":[{"start":{"line":46,"column":36},"end":{"line":46,"column":70}}]}},"b":{"0":[1],"1":[1],"2":[1],"3":[2],"4":[1],"5":[1]},"fnMap":{"0":{"name":"extraReducers","decl":{"start":{"line":34,"column":17},"end":{"line":48,"column":3}},"loc":{"start":{"line":34,"column":17},"end":{"line":48,"column":3}},"line":34}},"f":{"0":1}}
}
