TN:
SF:src/services/slices/constructorSlice.ts
FN:19,prepare
FN:25,reducer
FN:34,removeIngredient
FN:37,moveIngredientUp
FN:44,moveIngredientDown
FN:51,clearConstructor
FNF:6
FNH:6
FNDA:4,prepare
FNDA:4,reducer
FNDA:2,removeIngredient
FNDA:2,moveIngredientUp
FNDA:2,moveIngredientDown
FNDA:1,clearConstructor
DA:1,1
DA:2,1
DA:3,1
DA:4,1
DA:5,1
DA:6,1
DA:7,1
DA:8,1
DA:9,1
DA:10,1
DA:11,1
DA:12,1
DA:13,1
DA:14,1
DA:15,1
DA:16,1
DA:17,1
DA:18,1
DA:19,1
DA:20,1
DA:21,1
DA:22,1
DA:23,1
DA:24,1
DA:25,1
DA:26,4
DA:27,4
DA:28,2
DA:29,2
DA:30,2
DA:31,2
DA:32,4
DA:33,1
DA:34,1
DA:35,2
DA:36,1
DA:37,1
DA:38,2
DA:39,2
DA:40,1
DA:41,1
DA:42,1
DA:43,1
DA:44,1
DA:45,2
DA:46,2
DA:47,1
DA:48,1
DA:49,1
DA:50,1
DA:51,1
DA:52,1
DA:53,1
DA:54,1
DA:55,1
DA:56,1
DA:57,1
DA:58,1
DA:59,1
DA:60,1
DA:61,1
DA:62,1
DA:63,1
DA:64,1
DA:65,1
DA:66,1
LF:66
LH:66
BRDA:19,0,0,4
BRDA:25,1,0,4
BRDA:27,2,0,2
BRDA:34,3,0,2
BRDA:37,4,0,2
BRDA:39,5,0,1
BRDA:44,6,0,2
BRDA:46,7,0,1
BRDA:51,8,0,1
BRF:9
BRH:9
end_of_record
TN:
SF:src/services/slices/ingridientSlice.ts
FN:34,extraReducers
FNF:1
FNH:1
FNDA:1,extraReducers
DA:1,1
DA:2,1
DA:3,1
DA:4,1
DA:5,1
DA:6,1
DA:7,1
DA:8,1
DA:9,1
DA:10,1
DA:11,1
DA:12,1
DA:13,1
DA:14,1
DA:15,1
DA:16,1
DA:17,1
DA:18,1
DA:19,1
DA:20,1
DA:21,1
DA:22,0
DA:23,0
DA:24,0
DA:25,0
DA:26,0
DA:27,0
DA:28,1
DA:29,1
DA:30,1
DA:31,1
DA:32,1
DA:33,1
DA:34,1
DA:35,1
DA:36,1
DA:37,1
DA:38,1
DA:39,1
DA:40,1
DA:41,1
DA:42,1
DA:43,1
DA:44,1
DA:45,2
DA:46,2
DA:47,1
DA:48,1
DA:49,1
DA:50,1
DA:51,1
LF:51
LH:45
BRDA:34,0,0,1
BRDA:36,1,0,1
BRDA:40,2,0,1
BRDA:44,3,0,2
BRDA:46,4,0,1
BRDA:46,5,0,1
BRF:6
BRH:6
end_of_record
